<?xml version="1.0" encoding="UTF-8"?>
<testng-results skipped="0" failed="1" ignored="1" total="2" passed="0">
  <reporter-output>
    <line>
      <![CDATA[chrome Launched Successfully]]>
    </line>
    <line>
      <![CDATA[All cookies cleared]]>
    </line>
    <line>
      <![CDATA[Go to Popular items section]]>
    </line>
    <line>
      <![CDATA[Check for the number of items which have a discount if available and also verify that the final price after discount is correct or not]]>
    </line>
    <line>
      <![CDATA[=================Actual=====================]]>
    </line>
    <line>
      <![CDATA[Successfully clicked on Add to cart]]>
    </line>
    <line>
      <![CDATA[Unable to perform waitForTheWebElementToBeDisplayed due to Expected condition failed: waiting for visibility of [[ChromeDriver: chrome on WINDOWS (79d608557a4bfe3173df291cb094e901)] -> id: layer_cart_product_price] (tried for 10 second(s) with 500 milliseconds interval)
Build info: version: '3.141.59', revision: 'e82be7d358', time: '2018-11-14T08:17:03'
System info: host: 'DSUBHRAJYOTI', ip: '192.168.0.103', os.name: 'Windows 10', os.arch: 'amd64', os.version: '10.0', java.version: '1.8.0_191'
Driver info: org.openqa.selenium.chrome.ChromeDriver
Capabilities {acceptInsecureCerts: false, browserName: chrome, browserVersion: 83.0.4103.116, chrome: {chromedriverVersion: 83.0.4103.39 (ccbf011cb2d2b..., userDataDir: C:\Users\DSUBHR~1\AppData\L...}, goog:chromeOptions: {debuggerAddress: localhost:63227}, javascriptEnabled: true, networkConnectionEnabled: false, pageLoadStrategy: normal, platform: WINDOWS, platformName: WINDOWS, proxy: Proxy(), setWindowRect: true, strictFileInteractability: false, timeouts: {implicit: 0, pageLoad: 300000, script: 30000}, unhandledPromptBehavior: dismiss and notify, webauthn:virtualAuthenticators: true}
Session ID: 79d608557a4bfe3173df291cb094e901]]>
    </line>
    <line>
      <![CDATA[Unable to perform waitForTheWebElementToBeDisplayed due to Expected condition failed: waiting for visibility of [[ChromeDriver: chrome on WINDOWS (79d608557a4bfe3173df291cb094e901)] -> id: layer_cart_product_quantity] (tried for 10 second(s) with 500 milliseconds interval)
Build info: version: '3.141.59', revision: 'e82be7d358', time: '2018-11-14T08:17:03'
System info: host: 'DSUBHRAJYOTI', ip: '192.168.0.103', os.name: 'Windows 10', os.arch: 'amd64', os.version: '10.0', java.version: '1.8.0_191'
Driver info: org.openqa.selenium.chrome.ChromeDriver
Capabilities {acceptInsecureCerts: false, browserName: chrome, browserVersion: 83.0.4103.116, chrome: {chromedriverVersion: 83.0.4103.39 (ccbf011cb2d2b..., userDataDir: C:\Users\DSUBHR~1\AppData\L...}, goog:chromeOptions: {debuggerAddress: localhost:63227}, javascriptEnabled: true, networkConnectionEnabled: false, pageLoadStrategy: normal, platform: WINDOWS, platformName: WINDOWS, proxy: Proxy(), setWindowRect: true, strictFileInteractability: false, timeouts: {implicit: 0, pageLoad: 300000, script: 30000}, unhandledPromptBehavior: dismiss and notify, webauthn:virtualAuthenticators: true}
Session ID: 79d608557a4bfe3173df291cb094e901]]>
    </line>
    <line>
      <![CDATA[Unable to perform waitForTheWebElementToBeDisplayed due to Expected condition failed: waiting for visibility of [[ChromeDriver: chrome on WINDOWS (79d608557a4bfe3173df291cb094e901)] -> id: layer_cart_product_attributes] (tried for 10 second(s) with 500 milliseconds interval)
Build info: version: '3.141.59', revision: 'e82be7d358', time: '2018-11-14T08:17:03'
System info: host: 'DSUBHRAJYOTI', ip: '192.168.0.103', os.name: 'Windows 10', os.arch: 'amd64', os.version: '10.0', java.version: '1.8.0_191'
Driver info: org.openqa.selenium.chrome.ChromeDriver
Capabilities {acceptInsecureCerts: false, browserName: chrome, browserVersion: 83.0.4103.116, chrome: {chromedriverVersion: 83.0.4103.39 (ccbf011cb2d2b..., userDataDir: C:\Users\DSUBHR~1\AppData\L...}, goog:chromeOptions: {debuggerAddress: localhost:63227}, javascriptEnabled: true, networkConnectionEnabled: false, pageLoadStrategy: normal, platform: WINDOWS, platformName: WINDOWS, proxy: Proxy(), setWindowRect: true, strictFileInteractability: false, timeouts: {implicit: 0, pageLoad: 300000, script: 30000}, unhandledPromptBehavior: dismiss and notify, webauthn:virtualAuthenticators: true}
Session ID: 79d608557a4bfe3173df291cb094e901]]>
    </line>
    <line>
      <![CDATA[CHROME Closed Successfully]]>
    </line>
  </reporter-output>
  <suite name="Default suite" duration-ms="55496" started-at="2020-07-04T17:08:50Z" finished-at="2020-07-04T17:09:46Z">
    <groups>
      <group name="airtelx">
        <method signature="MyStoreTest.verifyUseCaseTwo()[pri:0, instance:com.qa.test.TestScript.MyStoreTest@5ec0a365]" name="verifyUseCaseTwo" class="com.qa.test.TestScript.MyStoreTest"/>
      </group> <!-- airtelx -->
    </groups>
    <test name="Default test" duration-ms="55496" started-at="2020-07-04T17:08:50Z" finished-at="2020-07-04T17:09:46Z">
      <class name="com.qa.test.TestScript.MyStoreTest">
        <test-method status="PASS" signature="setUp()[pri:0, instance:com.qa.test.TestScript.MyStoreTest@5ec0a365]" name="setUp" is-config="true" duration-ms="18383" started-at="2020-07-04T17:08:50Z" finished-at="2020-07-04T17:09:09Z">
          <reporter-output>
            <line>
              <![CDATA[chrome Launched Successfully]]>
            </line>
            <line>
              <![CDATA[All cookies cleared]]>
            </line>
          </reporter-output>
        </test-method> <!-- setUp -->
        <test-method status="FAIL" signature="verifyUseCaseTwo()[pri:0, instance:com.qa.test.TestScript.MyStoreTest@5ec0a365]" name="verifyUseCaseTwo" duration-ms="36863" started-at="2020-07-04T17:09:09Z" finished-at="2020-07-04T17:09:45Z">
          <exception class="java.lang.AssertionError">
            <message>
              <![CDATA[The following asserts failed:
Product Price failed to match expected [true] but found [false],
Product quantity failed to match expected [true] but found [false],
Product attribute failed to match expected [false] but found [true]]]>
            </message>
            <full-stacktrace>
              <![CDATA[java.lang.AssertionError: The following asserts failed:
Product Price failed to match expected [true] but found [false],
Product quantity failed to match expected [true] but found [false],
Product attribute failed to match expected [false] but found [true]
at org.testng.asserts.SoftAssert.assertAll(SoftAssert.java:43)
at com.qa.test.pages.MyStorePage.verifyRightProductAddedToTheCartWithDiscount(MyStorePage.java:221)
at com.qa.test.pages.MyStorePage.verifyTheNumberOfItemsHavingDiscounts(MyStorePage.java:231)
at com.qa.test.TestScript.MyStoreTest.verifyUseCaseTwo(MyStoreTest.java:39)
at sun.reflect.NativeMethodAccessorImpl.invoke0(Native Method)
at sun.reflect.NativeMethodAccessorImpl.invoke(NativeMethodAccessorImpl.java:62)
at sun.reflect.DelegatingMethodAccessorImpl.invoke(DelegatingMethodAccessorImpl.java:43)
at java.lang.reflect.Method.invoke(Method.java:498)
at org.testng.internal.MethodInvocationHelper.invokeMethod(MethodInvocationHelper.java:124)
at org.testng.internal.Invoker.invokeMethod(Invoker.java:580)
at org.testng.internal.Invoker.invokeTestMethod(Invoker.java:716)
at org.testng.internal.Invoker.invokeTestMethods(Invoker.java:988)
at org.testng.internal.TestMethodWorker.invokeTestMethods(TestMethodWorker.java:125)
at org.testng.internal.TestMethodWorker.run(TestMethodWorker.java:109)
at org.testng.TestRunner.privateRun(TestRunner.java:648)
at org.testng.TestRunner.run(TestRunner.java:505)
at org.testng.SuiteRunner.runTest(SuiteRunner.java:455)
at org.testng.SuiteRunner.runSequentially(SuiteRunner.java:450)
at org.testng.SuiteRunner.privateRun(SuiteRunner.java:415)
at org.testng.SuiteRunner.run(SuiteRunner.java:364)
at org.testng.SuiteRunnerWorker.runSuite(SuiteRunnerWorker.java:52)
at org.testng.SuiteRunnerWorker.run(SuiteRunnerWorker.java:84)
at org.testng.TestNG.runSuitesSequentially(TestNG.java:1208)
at org.testng.TestNG.runSuitesLocally(TestNG.java:1137)
at org.testng.TestNG.runSuites(TestNG.java:1049)
at org.testng.TestNG.run(TestNG.java:1017)
at org.testng.remote.AbstractRemoteTestNG.run(AbstractRemoteTestNG.java:114)
at org.testng.remote.RemoteTestNG.initAndRun(RemoteTestNG.java:251)
at org.testng.remote.RemoteTestNG.main(RemoteTestNG.java:77)
]]>
            </full-stacktrace>
          </exception> <!-- java.lang.AssertionError -->
          <reporter-output>
            <line>
              <![CDATA[Go to Popular items section]]>
            </line>
            <line>
              <![CDATA[Check for the number of items which have a discount if available and also verify that the final price after discount is correct or not]]>
            </line>
            <line>
              <![CDATA[=================Actual=====================]]>
            </line>
            <line>
              <![CDATA[Successfully clicked on Add to cart]]>
            </line>
            <line>
              <![CDATA[Unable to perform waitForTheWebElementToBeDisplayed due to Expected condition failed: waiting for visibility of [[ChromeDriver: chrome on WINDOWS (79d608557a4bfe3173df291cb094e901)] -> id: layer_cart_product_price] (tried for 10 second(s) with 500 milliseconds interval)
Build info: version: '3.141.59', revision: 'e82be7d358', time: '2018-11-14T08:17:03'
System info: host: 'DSUBHRAJYOTI', ip: '192.168.0.103', os.name: 'Windows 10', os.arch: 'amd64', os.version: '10.0', java.version: '1.8.0_191'
Driver info: org.openqa.selenium.chrome.ChromeDriver
Capabilities {acceptInsecureCerts: false, browserName: chrome, browserVersion: 83.0.4103.116, chrome: {chromedriverVersion: 83.0.4103.39 (ccbf011cb2d2b..., userDataDir: C:\Users\DSUBHR~1\AppData\L...}, goog:chromeOptions: {debuggerAddress: localhost:63227}, javascriptEnabled: true, networkConnectionEnabled: false, pageLoadStrategy: normal, platform: WINDOWS, platformName: WINDOWS, proxy: Proxy(), setWindowRect: true, strictFileInteractability: false, timeouts: {implicit: 0, pageLoad: 300000, script: 30000}, unhandledPromptBehavior: dismiss and notify, webauthn:virtualAuthenticators: true}
Session ID: 79d608557a4bfe3173df291cb094e901]]>
            </line>
            <line>
              <![CDATA[Unable to perform waitForTheWebElementToBeDisplayed due to Expected condition failed: waiting for visibility of [[ChromeDriver: chrome on WINDOWS (79d608557a4bfe3173df291cb094e901)] -> id: layer_cart_product_quantity] (tried for 10 second(s) with 500 milliseconds interval)
Build info: version: '3.141.59', revision: 'e82be7d358', time: '2018-11-14T08:17:03'
System info: host: 'DSUBHRAJYOTI', ip: '192.168.0.103', os.name: 'Windows 10', os.arch: 'amd64', os.version: '10.0', java.version: '1.8.0_191'
Driver info: org.openqa.selenium.chrome.ChromeDriver
Capabilities {acceptInsecureCerts: false, browserName: chrome, browserVersion: 83.0.4103.116, chrome: {chromedriverVersion: 83.0.4103.39 (ccbf011cb2d2b..., userDataDir: C:\Users\DSUBHR~1\AppData\L...}, goog:chromeOptions: {debuggerAddress: localhost:63227}, javascriptEnabled: true, networkConnectionEnabled: false, pageLoadStrategy: normal, platform: WINDOWS, platformName: WINDOWS, proxy: Proxy(), setWindowRect: true, strictFileInteractability: false, timeouts: {implicit: 0, pageLoad: 300000, script: 30000}, unhandledPromptBehavior: dismiss and notify, webauthn:virtualAuthenticators: true}
Session ID: 79d608557a4bfe3173df291cb094e901]]>
            </line>
            <line>
              <![CDATA[Unable to perform waitForTheWebElementToBeDisplayed due to Expected condition failed: waiting for visibility of [[ChromeDriver: chrome on WINDOWS (79d608557a4bfe3173df291cb094e901)] -> id: layer_cart_product_attributes] (tried for 10 second(s) with 500 milliseconds interval)
Build info: version: '3.141.59', revision: 'e82be7d358', time: '2018-11-14T08:17:03'
System info: host: 'DSUBHRAJYOTI', ip: '192.168.0.103', os.name: 'Windows 10', os.arch: 'amd64', os.version: '10.0', java.version: '1.8.0_191'
Driver info: org.openqa.selenium.chrome.ChromeDriver
Capabilities {acceptInsecureCerts: false, browserName: chrome, browserVersion: 83.0.4103.116, chrome: {chromedriverVersion: 83.0.4103.39 (ccbf011cb2d2b..., userDataDir: C:\Users\DSUBHR~1\AppData\L...}, goog:chromeOptions: {debuggerAddress: localhost:63227}, javascriptEnabled: true, networkConnectionEnabled: false, pageLoadStrategy: normal, platform: WINDOWS, platformName: WINDOWS, proxy: Proxy(), setWindowRect: true, strictFileInteractability: false, timeouts: {implicit: 0, pageLoad: 300000, script: 30000}, unhandledPromptBehavior: dismiss and notify, webauthn:virtualAuthenticators: true}
Session ID: 79d608557a4bfe3173df291cb094e901]]>
            </line>
          </reporter-output>
        </test-method> <!-- verifyUseCaseTwo -->
        <test-method status="PASS" signature="tearDown()[pri:0, instance:com.qa.test.TestScript.MyStoreTest@5ec0a365]" name="tearDown" is-config="true" duration-ms="216" started-at="2020-07-04T17:09:45Z" finished-at="2020-07-04T17:09:46Z">
          <reporter-output>
            <line>
              <![CDATA[CHROME Closed Successfully]]>
            </line>
          </reporter-output>
        </test-method> <!-- tearDown -->
      </class> <!-- com.qa.test.TestScript.MyStoreTest -->
    </test> <!-- Default test -->
  </suite> <!-- Default suite -->
</testng-results>
